<?xml version="1.0" encoding="UTF-8"?>
<testsuite name="com.bridgelabz.MaximumNumberTest" tests="9" skipped="0" failures="0" errors="0" timestamp="2021-06-09T04:11:01" hostname="DESKTOP-FSCNQ7S" time="0.011">
  <properties/>
  <testcase name="givenStrings_WhenFirstStringIsMaximum_ShouldReturnMaximum" classname="com.bridgelabz.MaximumNumberTest" time="0.006"/>
  <testcase name="givenFloatNumbers_WhenFirstNumberIsMaximum_ShouldReturnMaximum" classname="com.bridgelabz.MaximumNumberTest" time="0.0"/>
  <testcase name="givenStrings_WhenThirdStringIsMaximum_ShouldReturnMaximum" classname="com.bridgelabz.MaximumNumberTest" time="0.0"/>
  <testcase name="givenFloatNumbers_WhenThirdNumberIsMaximum_ShouldReturnMaximum" classname="com.bridgelabz.MaximumNumberTest" time="0.001"/>
  <testcase name="givenIntegerNumbers_WhenFirstNumberIsMaximum_ShouldReturnMaximum" classname="com.bridgelabz.MaximumNumberTest" time="0.0"/>
  <testcase name="givenFloatNumbers_WhenSecondNumberIsMaximum_ShouldReturnMaximum" classname="com.bridgelabz.MaximumNumberTest" time="0.0"/>
  <testcase name="givenIntegerNumbers_WhenThirdNumberIsMaximum_ShouldReturnMaximum" classname="com.bridgelabz.MaximumNumberTest" time="0.001"/>
  <testcase name="givenStrings_WhenSecondStringIsMaximum_ShouldReturnMaximum" classname="com.bridgelabz.MaximumNumberTest" time="0.0"/>
  <testcase name="givenIntegerNumbers_WhenSecondNumberIsMaximum_ShouldReturnMaximum" classname="com.bridgelabz.MaximumNumberTest" time="0.0"/>
  <system-out><![CDATA[Maximum:Peach
Maximum:10.1
Maximum:Peach
Maximum:20.1
Maximum:40
Maximum:15.2
Maximum:100
Maximum:Peach
Maximum:60
]]></system-out>
  <system-err><![CDATA[]]></system-err>
</testsuite>
