<?xml version="1.0" encoding="UTF-8"?>
<testsuite name="com.bridgelabz.MaximumNumberTest" tests="3" skipped="0" failures="0" errors="0" timestamp="2021-06-07T15:05:09" hostname="DESKTOP-FSCNQ7S" time="0.003">
  <properties/>
  <testcase name="givenIntegerNumbers_WhenFirstNumberIsMaximum_ShouldReturnMaximum" classname="com.bridgelabz.MaximumNumberTest" time="0.001"/>
  <testcase name="givenIntegerNumbers_WhenThirdNumberIsMaximum_ShouldReturnMaximum" classname="com.bridgelabz.MaximumNumberTest" time="0.0"/>
  <testcase name="givenIntegerNumbers_WhenSecondNumberIsMaximum_ShouldReturnMaximum" classname="com.bridgelabz.MaximumNumberTest" time="0.0"/>
  <system-out><![CDATA[]]></system-out>
  <system-err><![CDATA[]]></system-err>
</testsuite>
